<?xml version="1.0" encoding="UTF-8"?>
<testsuite name="org.example.PlayerTest" tests="4" skipped="0" failures="0" errors="0" timestamp="2023-04-20T01:26:39" hostname="LAPTOP-VAA1SGUF" time="0.041">
  <properties/>
  <testcase name="testConstructorWithAllFields()" classname="org.example.PlayerTest" time="0.023"/>
  <testcase name="testConstructorWithoutTurn()" classname="org.example.PlayerTest" time="0.002"/>
  <testcase name="testSetters()" classname="org.example.PlayerTest" time="0.008"/>
  <testcase name="testDefaultConstructor()" classname="org.example.PlayerTest" time="0.002"/>
  <system-out><![CDATA[]]></system-out>
  <system-err><![CDATA[]]></system-err>
</testsuite>
